Determining if the pthread_create exist failed with the following output:
Change Dir: /media/dongqxia/新加卷/SLAM/HW/HW4/code/build/CMakeFiles/CMakeTmp

Run Build Command:"/usr/bin/make" "cmTC_cb11e/fast"
/usr/bin/make -f CMakeFiles/cmTC_cb11e.dir/build.make CMakeFiles/cmTC_cb11e.dir/build
make[1]: Entering directory '/media/dongqxia/新加卷/SLAM/HW/HW4/code/build/CMakeFiles/CMakeTmp'
Building C object CMakeFiles/cmTC_cb11e.dir/CheckSymbolExists.c.o
/usr/bin/cc    -fPIC    -o CMakeFiles/cmTC_cb11e.dir/CheckSymbolExists.c.o   -c /media/dongqxia/新加卷/SLAM/HW/HW4/code/build/CMakeFiles/CMakeTmp/CheckSymbolExists.c
Linking C executable cmTC_cb11e
/usr/bin/cmake -E cmake_link_script CMakeFiles/cmTC_cb11e.dir/link.txt --verbose=1
/usr/bin/cc  -fPIC     CMakeFiles/cmTC_cb11e.dir/CheckSymbolExists.c.o  -o cmTC_cb11e -rdynamic 
CMakeFiles/cmTC_cb11e.dir/CheckSymbolExists.c.o: In function `main':
CheckSymbolExists.c:(.text+0x1b): undefined reference to `pthread_create'
collect2: error: ld returned 1 exit status
CMakeFiles/cmTC_cb11e.dir/build.make:97: recipe for target 'cmTC_cb11e' failed
make[1]: *** [cmTC_cb11e] Error 1
make[1]: Leaving directory '/media/dongqxia/新加卷/SLAM/HW/HW4/code/build/CMakeFiles/CMakeTmp'
Makefile:126: recipe for target 'cmTC_cb11e/fast' failed
make: *** [cmTC_cb11e/fast] Error 2

File /media/dongqxia/新加卷/SLAM/HW/HW4/code/build/CMakeFiles/CMakeTmp/CheckSymbolExists.c:
/* */
#include <pthread.h>

int main(int argc, char** argv)
{
  (void)argv;
#ifndef pthread_create
  return ((int*)(&pthread_create))[argc];
#else
  (void)argc;
  return 0;
#endif
}

Determining if the function pthread_create exists in the pthreads failed with the following output:
Change Dir: /media/dongqxia/新加卷/SLAM/HW/HW4/code/build/CMakeFiles/CMakeTmp

Run Build Command:"/usr/bin/make" "cmTC_e0668/fast"
/usr/bin/make -f CMakeFiles/cmTC_e0668.dir/build.make CMakeFiles/cmTC_e0668.dir/build
make[1]: Entering directory '/media/dongqxia/新加卷/SLAM/HW/HW4/code/build/CMakeFiles/CMakeTmp'
Building C object CMakeFiles/cmTC_e0668.dir/CheckFunctionExists.c.o
/usr/bin/cc    -fPIC -DCHECK_FUNCTION_EXISTS=pthread_create   -o CMakeFiles/cmTC_e0668.dir/CheckFunctionExists.c.o   -c /usr/share/cmake-3.5/Modules/CheckFunctionExists.c
Linking C executable cmTC_e0668
/usr/bin/cmake -E cmake_link_script CMakeFiles/cmTC_e0668.dir/link.txt --verbose=1
/usr/bin/cc  -fPIC -DCHECK_FUNCTION_EXISTS=pthread_create    CMakeFiles/cmTC_e0668.dir/CheckFunctionExists.c.o  -o cmTC_e0668 -rdynamic -lpthreads 
/usr/bin/ld: cannot find -lpthreads
collect2: error: ld returned 1 exit status
CMakeFiles/cmTC_e0668.dir/build.make:97: recipe for target 'cmTC_e0668' failed
make[1]: *** [cmTC_e0668] Error 1
make[1]: Leaving directory '/media/dongqxia/新加卷/SLAM/HW/HW4/code/build/CMakeFiles/CMakeTmp'
Makefile:126: recipe for target 'cmTC_e0668/fast' failed
make: *** [cmTC_e0668/fast] Error 2


